<?xml version="1.0" encoding="UTF-8"?>
<!-- Generated by org.testng.reporters.JUnitXMLReporter -->
<testsuite hostname="oci3-To-be-filled-by-O-E-M" ignored="0" name="Chrome" tests="1" failures="0" timestamp="24 Nov 2017 09:27:59 GMT" time="0.087" errors="0">
  <testcase name="@BeforeClass beforeTest" time="0.055" classname="com.greekxp.UniversityLogin">
    <failure type="java.lang.IllegalStateException" message="The driver executable does not exist: /usr/bin/chrome">
      <![CDATA[java.lang.IllegalStateException: The driver executable does not exist: /usr/bin/chrome
	at com.google.common.base.Preconditions.checkState(Preconditions.java:534)
	at org.openqa.selenium.remote.service.DriverService.checkExecutable(DriverService.java:136)
	at org.openqa.selenium.remote.service.DriverService.findExecutable(DriverService.java:131)
	at org.openqa.selenium.chrome.ChromeDriverService.access$000(ChromeDriverService.java:32)
	at org.openqa.selenium.chrome.ChromeDriverService$Builder.findDefaultExecutable(ChromeDriverService.java:137)
	at org.openqa.selenium.remote.service.DriverService$Builder.build(DriverService.java:339)
	at org.openqa.selenium.chrome.ChromeDriverService.createDefaultService(ChromeDriverService.java:88)
	at org.openqa.selenium.chrome.ChromeDriver.<init>(ChromeDriver.java:123)
	at com.greekxp.UniversityLogin.beforeTest(UniversityLogin.java:37)
	at java.util.concurrent.FutureTask.run(FutureTask.java:266)
	at java.util.concurrent.ThreadPoolExecutor.runWorker(ThreadPoolExecutor.java:1149)
	at java.util.concurrent.ThreadPoolExecutor$Worker.run(ThreadPoolExecutor.java:624)
	at java.lang.Thread.run(Thread.java:748)
... Removed 16 stack frames]]>
    </failure>
  </testcase> <!-- @BeforeClass beforeTest -->
  <testcase name="@AfterClass afterTest" time="0.0" classname="com.greekxp.UniversityLogin">
    <skipped/>
  </testcase> <!-- @AfterClass afterTest -->
  <testcase name="login" time="0.0" classname="com.greekxp.UniversityLogin">
    <skipped/>
  </testcase> <!-- login -->
</testsuite> <!-- Chrome -->
